\BOOKMARK [0][-]{chapter.1}{\376\377\000I\000n\000t\000r\000o\000d\000u\000c\000t\000i\000o\000n}{}% 1
\BOOKMARK [0][-]{chapter.2}{\376\377\000D\000i\000s\000t\000r\000i\000b\000u\000t\000i\000o\000n\000a\000l\000\040\000s\000e\000m\000a\000n\000t\000i\000c\000s\000\040\000a\000n\000d\000\040\000c\000o\000n\000s\000t\000r\000u\000c\000t\000e\000d\000\040\000l\000a\000n\000g\000u\000a\000g\000e\000s}{}% 2
\BOOKMARK [1][-]{section.2.1}{\376\377\000N\000a\000t\000u\000r\000a\000l\000\040\000l\000a\000n\000g\000u\000a\000g\000e\000\040\000p\000r\000o\000c\000e\000s\000s\000i\000n\000g}{chapter.2}% 3
\BOOKMARK [1][-]{section.2.2}{\376\377\000D\000i\000s\000t\000r\000i\000b\000u\000t\000i\000o\000n\000a\000l\000\040\000s\000e\000m\000a\000n\000t\000i\000c\000s}{chapter.2}% 4
\BOOKMARK [2][-]{subsection.2.2.1}{\376\377\000D\000i\000s\000t\000r\000i\000b\000u\000t\000i\000o\000n\000a\000l\000\040\000r\000e\000p\000r\000e\000s\000e\000n\000t\000a\000t\000i\000o\000n\000s}{section.2.2}% 5
\BOOKMARK [3][-]{subsubsection.2.2.1.1}{\376\377\000C\000o\000n\000t\000e\000x\000t\000\040\000t\000y\000p\000e\000s}{subsection.2.2.1}% 6
\BOOKMARK [3][-]{subsubsection.2.2.1.2}{\376\377\000S\000e\000m\000a\000n\000t\000i\000c\000\040\000s\000i\000m\000i\000l\000a\000r\000i\000t\000y\000\040\000m\000e\000t\000r\000i\000c}{subsection.2.2.1}% 7
\BOOKMARK [3][-]{subsubsection.2.2.1.3}{\376\377\000C\000u\000r\000s\000e\000\040\000o\000f\000\040\000d\000i\000m\000e\000n\000s\000i\000o\000n\000a\000l\000i\000t\000y}{subsection.2.2.1}% 8
\BOOKMARK [2][-]{subsection.2.2.2}{\376\377\000N\000o\000t\000a\000b\000l\000e\000\040\000i\000m\000p\000l\000e\000m\000e\000n\000t\000a\000t\000i\000o\000n\000s}{section.2.2}% 9
\BOOKMARK [3][-]{subsubsection.2.2.2.1}{\376\377\000C\000o\000u\000n\000t\000\040\000v\000e\000c\000t\000o\000r\000\040\000m\000o\000d\000e\000l}{subsection.2.2.2}% 10
\BOOKMARK [3][-]{subsubsection.2.2.2.2}{\376\377\000N\000e\000u\000r\000a\000l\000\040\000p\000r\000o\000b\000a\000b\000i\000l\000i\000s\000t\000i\000c\000\040\000l\000a\000n\000g\000u\000a\000g\000e\000\040\000m\000o\000d\000e\000l}{subsection.2.2.2}% 11
\BOOKMARK [3][-]{subsubsection.2.2.2.3}{\376\377\000R\000e\000c\000u\000r\000r\000e\000n\000t\000\040\000n\000e\000u\000r\000a\000l\000\040\000n\000e\000t\000\040\000l\000a\000n\000g\000u\000a\000g\000e\000\040\000m\000o\000d\000e\000l}{subsection.2.2.2}% 12
\BOOKMARK [3][-]{subsubsection.2.2.2.4}{\376\377\000C\000o\000n\000t\000i\000n\000u\000o\000u\000s\000\040\000b\000a\000g\000-\000o\000f\000-\000w\000o\000r\000d\000s\000\040\000m\000o\000d\000e\000l}{subsection.2.2.2}% 13
\BOOKMARK [3][-]{subsubsection.2.2.2.5}{\376\377\000C\000o\000n\000t\000i\000n\000u\000o\000u\000s\000\040\000s\000k\000i\000p\000-\000g\000r\000a\000m\000\040\000m\000o\000d\000e\000l}{subsection.2.2.2}% 14
\BOOKMARK [2][-]{subsection.2.2.3}{\376\377\000A\000p\000p\000l\000i\000c\000a\000t\000i\000o\000n\000s}{section.2.2}% 15
\BOOKMARK [1][-]{section.2.3}{\376\377\000C\000o\000n\000s\000t\000r\000u\000c\000t\000e\000d\000\040\000l\000a\000n\000g\000u\000a\000g\000e\000s}{chapter.2}% 16
\BOOKMARK [2][-]{subsection.2.3.1}{\376\377\000T\000h\000e\000\040\000n\000o\000t\000i\000o\000n\000\040\000o\000f\000\040\000a\000\040\000c\000o\000n\000s\000t\000r\000u\000c\000t\000e\000d\000\040\000l\000a\000n\000g\000u\000a\000g\000e}{section.2.3}% 17
\BOOKMARK [2][-]{subsection.2.3.2}{\376\377\000C\000l\000a\000s\000s\000i\000f\000i\000c\000a\000t\000i\000o\000n}{section.2.3}% 18
\BOOKMARK [0][-]{chapter.3}{\376\377\000L\000a\000n\000g\000u\000a\000g\000e\000\040\000m\000o\000d\000e\000l\000l\000i\000n\000g\000\040\000a\000n\000d\000\040\000T\000o\000k\000i\000\040\000P\000o\000n\000a}{}% 19
\BOOKMARK [1][-]{section.3.1}{\376\377\000T\000o\000k\000i\000\040\000P\000o\000n\000a}{chapter.3}% 20
\BOOKMARK [2][-]{subsection.3.1.1}{\376\377\000H\000i\000s\000t\000o\000r\000y}{section.3.1}% 21
\BOOKMARK [2][-]{subsection.3.1.2}{\376\377\000P\000h\000o\000n\000o\000l\000o\000g\000y}{section.3.1}% 22
\BOOKMARK [2][-]{subsection.3.1.3}{\376\377\000G\000r\000a\000m\000m\000a\000r}{section.3.1}% 23
\BOOKMARK [2][-]{subsection.3.1.4}{\376\377\000V\000o\000c\000a\000b\000u\000l\000a\000r\000y}{section.3.1}% 24
\BOOKMARK [1][-]{section.3.2}{\376\377\000V\000e\000c\000t\000o\000r\000\040\000s\000p\000a\000c\000e\000\040\000m\000o\000d\000e\000l}{chapter.3}% 25
\BOOKMARK [2][-]{subsection.3.2.1}{\376\377\000T\000e\000x\000t\000\040\000t\000o\000k\000e\000n\000i\000s\000a\000t\000i\000o\000n}{section.3.2}% 26
\BOOKMARK [2][-]{subsection.3.2.2}{\376\377\000T\000e\000x\000t\000\040\000n\000o\000r\000m\000a\000l\000i\000s\000a\000t\000i\000o\000n}{section.3.2}% 27
\BOOKMARK [2][-]{subsection.3.2.3}{\376\377\000M\000o\000d\000e\000l\000\040\000c\000o\000n\000s\000t\000r\000u\000c\000t\000i\000o\000n}{section.3.2}% 28
\BOOKMARK [2][-]{subsection.3.2.4}{\376\377\000P\000r\000o\000j\000e\000c\000t\000i\000o\000n\000\040\000a\000n\000d\000\040\000v\000i\000s\000u\000a\000l\000i\000s\000a\000t\000i\000o\000n}{section.3.2}% 29
\BOOKMARK [2][-]{subsection.3.2.5}{\376\377\000O\000b\000s\000e\000r\000v\000a\000t\000i\000o\000n\000s}{section.3.2}% 30
\BOOKMARK [0][-]{chapter*.9}{\376\377\000R\000e\000f\000e\000r\000e\000n\000c\000e\000s}{}% 31
\BOOKMARK [0][-]{chapter.4}{\376\377\000S\000u\000p\000p\000l\000e\000m\000e\000n\000t\000a\000r\000y\000\040\000m\000a\000r\000t\000e\000r\000i\000a\000l}{}% 32
\BOOKMARK [1][-]{section.4.1}{\376\377\000V\000e\000c\000t\000o\000r\000\040\000s\000p\000a\000c\000e\000\040\000m\000o\000d\000e\000l}{chapter.4}% 33
\BOOKMARK [1][-]{section.4.2}{\376\377\000D\000i\000c\000t\000i\000o\000n\000a\000r\000i\000e\000s}{chapter.4}% 34
\BOOKMARK [2][-]{subsection.4.2.1}{\376\377\000n\000i\000m\000i\000\040\000p\000u}{section.4.2}% 35
