mktexpk --mfmode / --bdpi 600 --mag 1+264/600 --dpi 864 Alegreya-Regular-lf-ot1
mktexpk --mfmode / --bdpi 600 --mag 1+264/600 --dpi 864 Alegreya-Regular-lf-ot1
mktextfm Garamond
mktextfm Garamond
mktextfm Garamond
mktextfm Garamond/BI
mktextfm Garamond
mktextfm Garamond/B
mktextfm Garamond
mktextfm Garamond/I
mktextfm Garamond
mktextfm Garamond
mktextfm Garamond
mktextfm Inconsolatazi4
mktextfm Inconsolatazi4
mktextfm Inconsolatazi4
mktextfm Inconsolatazi4/BI
mktextfm Inconsolatazi4
mktextfm Inconsolatazi4/B
mktextfm Inconsolatazi4
mktextfm Inconsolatazi4/I
mktextfm Inconsolatazi4
mktextfm Inconsolatazi4
mktextfm Inconsolatazi4
mktextfm Inconsolatazi4
mktextfm Inconsolatazi4
mktextfm Inconsolatazi4
mktextfm Inconsolatazi4/BI
mktextfm Inconsolatazi4
mktextfm Inconsolatazi4/B
mktextfm Inconsolatazi4
mktextfm Inconsolatazi4/I
mktextfm Inconsolatazi4
mktextfm Inconsolatazi4
mktextfm Inconsolata
mktextfm Inconsolata
mktextfm Inconsolata
mktextfm Inconsolata/BI
mktextfm Inconsolata
mktextfm Inconsolata/B
mktextfm Inconsolata
mktextfm Inconsolata/I
mktextfm Inconsolata
mktextfm Inconsolata
mktextfm Inconsolata
mktextfm FiraCode-Regular
mktextfm FiraCode-Regular
mktextfm FiraCode-Regular
mktextfm FiraCode-Regular/BI
mktextfm FiraCode-Regular
mktextfm FiraCode-Regular/B
mktextfm FiraCode-Regular
mktextfm FiraCode-Regular/I
mktextfm FiraCode-Regular
mktextfm FiraCode-Regular
mktextfm Iosevka
mktextfm Iosevka
mktextfm Iosevka
mktextfm Iosevka/BI
mktextfm Iosevka
mktextfm Iosevka/B
mktextfm Iosevka
mktextfm Iosevka/I
mktextfm Iosevka
mktextfm Iosevka
mktextfm Iosevka
mktextfm Alegreya
mktextfm Alegreya
mktextfm Alegreya
mktextfm Alegreya/BI
mktextfm Alegreya
mktextfm Alegreya/B
mktextfm Alegreya
mktextfm Alegreya/I
mktextfm Alegreya
mktextfm Alegreya
mktextfm Alegreya
mktextfm Alegreya
mktextfm Alegreya
mktextfm Alegreya/BI
mktextfm Alegreya
mktextfm Alegreya/B
mktextfm Alegreya
mktextfm Alegreya/I
mktextfm Alegreya
mktextfm Alegreya
mktextfm Alegreya
mktextfm Alegreya
mktextfm Alegreya
mktextfm Alegreya
mktextfm Alegreya
mktextfm Alegreya
mktextfm Alegreya
mktextfm Alegreya
mktextfm Alegreya
mktextfm Alegreya
mktextfm Alegreya
mktextfm Alegreya
mktextfm Alegreya
mktextfm Alegreya
mktextfm Alegreya
mktextfm Alegreya
mktextfm Alegreya
mktextfm Alegreya
mktextfm Alegreya/BI
mktextfm Alegreya
mktextfm Alegreya/B
mktextfm Alegreya
mktextfm Alegreya/I
mktextfm Alegreya
mktextfm Alegreya
mktextfm Alegreya
mktextfm Alegreya
mktextfm Alegreya
mktextfm Alegreya
mktextfm Alegreya
mktextfm Alegreya
mktextfm Alegreya
mktextfm Alegreya
mktextfm Alegreya
mktextfm Alegreya
mktextfm Alegreya
mktextfm Alegreya
mktextfm Alegreya
mktextfm Alegreya
mktextfm Alegreya
